<?xml version="1.0" encoding="UTF-8"?>
<coverage generated="1577605101278" clover="3.2.0">
  <project timestamp="1577605101279" name="All files">
    <metrics statements="29" coveredstatements="18" conditionals="6" coveredconditionals="4" methods="11" coveredmethods="5" elements="46" coveredelements="27" complexity="0" loc="29" ncloc="29" packages="1" files="3" classes="3"/>
    <file name="db.js" path="C:\Users\Siva\Desktop\Learning\Node-Js-Learning\testing-demo\db.js">
      <metrics statements="7" coveredstatements="2" conditionals="0" coveredconditionals="0" methods="3" coveredmethods="0"/>
      <line num="2" count="1" type="stmt"/>
      <line num="3" count="0" type="stmt"/>
      <line num="4" count="0" type="stmt"/>
      <line num="7" count="1" type="stmt"/>
      <line num="8" count="0" type="stmt"/>
      <line num="9" count="0" type="stmt"/>
      <line num="10" count="0" type="stmt"/>
    </file>
    <file name="lib.js" path="C:\Users\Siva\Desktop\Learning\Node-Js-Learning\testing-demo\lib.js">
      <metrics statements="20" coveredstatements="15" conditionals="6" coveredconditionals="4" methods="7" coveredmethods="5"/>
      <line num="1" count="1" type="stmt"/>
      <line num="2" count="1" type="stmt"/>
      <line num="5" count="1" type="stmt"/>
      <line num="6" count="3" type="cond" truecount="2" falsecount="0"/>
      <line num="10" count="1" type="stmt"/>
      <line num="11" count="1" type="stmt"/>
      <line num="15" count="1" type="stmt"/>
      <line num="16" count="4" type="stmt"/>
      <line num="20" count="1" type="stmt"/>
      <line num="21" count="3" type="stmt"/>
      <line num="25" count="1" type="stmt"/>
      <line num="26" count="7" type="cond" truecount="2" falsecount="0"/>
      <line num="28" count="1" type="stmt"/>
      <line num="32" count="1" type="stmt"/>
      <line num="33" count="0" type="stmt"/>
      <line num="35" count="0" type="cond" truecount="0" falsecount="2"/>
      <line num="36" count="0" type="stmt"/>
      <line num="40" count="1" type="stmt"/>
      <line num="41" count="0" type="stmt"/>
      <line num="43" count="0" type="stmt"/>
    </file>
    <file name="mail.js" path="C:\Users\Siva\Desktop\Learning\Node-Js-Learning\testing-demo\mail.js">
      <metrics statements="2" coveredstatements="1" conditionals="0" coveredconditionals="0" methods="1" coveredmethods="0"/>
      <line num="2" count="1" type="stmt"/>
      <line num="3" count="0" type="stmt"/>
    </file>
  </project>
</coverage>
