{"C:\\Users\\Siva\\Desktop\\Learning\\Node-Js-Learning\\testing-demo\\db.js": {"path":"C:\\Users\\Siva\\Desktop\\Learning\\Node-Js-Learning\\testing-demo\\db.js","statementMap":{"0":{"start":{"line":2,"column":0},"end":{"line":5,"column":1}},"1":{"start":{"line":3,"column":2},"end":{"line":3,"column":52}},"2":{"start":{"line":4,"column":2},"end":{"line":4,"column":32}},"3":{"start":{"line":7,"column":0},"end":{"line":12,"column":1}},"4":{"start":{"line":8,"column":2},"end":{"line":11,"column":5}},"5":{"start":{"line":9,"column":4},"end":{"line":9,"column":54}},"6":{"start":{"line":10,"column":4},"end":{"line":10,"column":36}}},"fnMap":{"0":{"name":"(anonymous_0)","decl":{"start":{"line":2,"column":33},"end":{"line":2,"column":34}},"loc":{"start":{"line":2,"column":46},"end":{"line":5,"column":1}},"line":2},"1":{"name":"(anonymous_1)","decl":{"start":{"line":7,"column":29},"end":{"line":7,"column":30}},"loc":{"start":{"line":7,"column":48},"end":{"line":12,"column":1}},"line":7},"2":{"name":"(anonymous_2)","decl":{"start":{"line":8,"column":21},"end":{"line":8,"column":22}},"loc":{"start":{"line":8,"column":42},"end":{"line":11,"column":3}},"line":8}},"branchMap":{},"s":{"0":1,"1":0,"2":0,"3":1,"4":0,"5":0,"6":0},"f":{"0":0,"1":0,"2":0},"b":{},"_coverageSchema":"43e27e138ebf9cfc5966b082cf9a028302ed4184","hash":"d5e66721fa574fa0305fbfd18594740b70cfa3a6"}
,"C:\\Users\\Siva\\Desktop\\Learning\\Node-Js-Learning\\testing-demo\\lib.js": {"path":"C:\\Users\\Siva\\Desktop\\Learning\\Node-Js-Learning\\testing-demo\\lib.js","statementMap":{"0":{"start":{"line":1,"column":11},"end":{"line":1,"column":26}},"1":{"start":{"line":2,"column":13},"end":{"line":2,"column":30}},"2":{"start":{"line":5,"column":0},"end":{"line":7,"column":1}},"3":{"start":{"line":6,"column":3},"end":{"line":6,"column":41}},"4":{"start":{"line":10,"column":0},"end":{"line":12,"column":1}},"5":{"start":{"line":11,"column":2},"end":{"line":11,"column":27}},"6":{"start":{"line":15,"column":0},"end":{"line":17,"column":1}},"7":{"start":{"line":16,"column":2},"end":{"line":16,"column":31}},"8":{"start":{"line":20,"column":0},"end":{"line":22,"column":1}},"9":{"start":{"line":21,"column":2},"end":{"line":21,"column":38}},"10":{"start":{"line":25,"column":0},"end":{"line":29,"column":1}},"11":{"start":{"line":26,"column":2},"end":{"line":26,"column":58}},"12":{"start":{"line":26,"column":17},"end":{"line":26,"column":58}},"13":{"start":{"line":28,"column":2},"end":{"line":28,"column":57}},"14":{"start":{"line":32,"column":0},"end":{"line":37,"column":1}},"15":{"start":{"line":33,"column":19},"end":{"line":33,"column":55}},"16":{"start":{"line":35,"column":2},"end":{"line":36,"column":28}},"17":{"start":{"line":36,"column":4},"end":{"line":36,"column":28}},"18":{"start":{"line":40,"column":0},"end":{"line":44,"column":1}},"19":{"start":{"line":41,"column":19},"end":{"line":41,"column":55}},"20":{"start":{"line":43,"column":2},"end":{"line":43,"column":67}}},"fnMap":{"0":{"name":"(anonymous_0)","decl":{"start":{"line":5,"column":26},"end":{"line":5,"column":27}},"loc":{"start":{"line":5,"column":43},"end":{"line":7,"column":1}},"line":5},"1":{"name":"(anonymous_1)","decl":{"start":{"line":10,"column":23},"end":{"line":10,"column":24}},"loc":{"start":{"line":10,"column":38},"end":{"line":12,"column":1}},"line":10},"2":{"name":"(anonymous_2)","decl":{"start":{"line":15,"column":31},"end":{"line":15,"column":32}},"loc":{"start":{"line":15,"column":42},"end":{"line":17,"column":1}},"line":15},"3":{"name":"(anonymous_3)","decl":{"start":{"line":20,"column":28},"end":{"line":20,"column":29}},"loc":{"start":{"line":20,"column":48},"end":{"line":22,"column":1}},"line":20},"4":{"name":"(anonymous_4)","decl":{"start":{"line":25,"column":30},"end":{"line":25,"column":31}},"loc":{"start":{"line":25,"column":49},"end":{"line":29,"column":1}},"line":25},"5":{"name":"(anonymous_5)","decl":{"start":{"line":32,"column":31},"end":{"line":32,"column":32}},"loc":{"start":{"line":32,"column":47},"end":{"line":37,"column":1}},"line":32},"6":{"name":"(anonymous_6)","decl":{"start":{"line":40,"column":32},"end":{"line":40,"column":33}},"loc":{"start":{"line":40,"column":48},"end":{"line":44,"column":1}},"line":40}},"branchMap":{"0":{"loc":{"start":{"line":6,"column":10},"end":{"line":6,"column":40}},"type":"cond-expr","locations":[{"start":{"line":6,"column":26},"end":{"line":6,"column":32}},{"start":{"line":6,"column":33},"end":{"line":6,"column":40}}],"line":6},"1":{"loc":{"start":{"line":26,"column":2},"end":{"line":26,"column":58}},"type":"if","locations":[{"start":{"line":26,"column":2},"end":{"line":26,"column":58}},{"start":{"line":26,"column":2},"end":{"line":26,"column":58}}],"line":26},"2":{"loc":{"start":{"line":35,"column":2},"end":{"line":36,"column":28}},"type":"if","locations":[{"start":{"line":35,"column":2},"end":{"line":36,"column":28}},{"start":{"line":35,"column":2},"end":{"line":36,"column":28}}],"line":35}},"s":{"0":1,"1":1,"2":1,"3":3,"4":1,"5":1,"6":1,"7":4,"8":1,"9":3,"10":1,"11":7,"12":6,"13":1,"14":1,"15":0,"16":0,"17":0,"18":1,"19":0,"20":0},"f":{"0":3,"1":1,"2":4,"3":3,"4":7,"5":0,"6":0},"b":{"0":[2,1],"1":[6,1],"2":[0,0]},"_coverageSchema":"43e27e138ebf9cfc5966b082cf9a028302ed4184","hash":"fa06ed766e0c9086c384c05e5a87206778b0498e"}
,"C:\\Users\\Siva\\Desktop\\Learning\\Node-Js-Learning\\testing-demo\\mail.js": {"path":"C:\\Users\\Siva\\Desktop\\Learning\\Node-Js-Learning\\testing-demo\\mail.js","statementMap":{"0":{"start":{"line":2,"column":0},"end":{"line":4,"column":1}},"1":{"start":{"line":3,"column":2},"end":{"line":3,"column":37}}},"fnMap":{"0":{"name":"(anonymous_0)","decl":{"start":{"line":2,"column":22},"end":{"line":2,"column":23}},"loc":{"start":{"line":2,"column":44},"end":{"line":4,"column":1}},"line":2}},"branchMap":{},"s":{"0":1,"1":0},"f":{"0":0},"b":{},"_coverageSchema":"43e27e138ebf9cfc5966b082cf9a028302ed4184","hash":"ceb2058e1e5bc821ce50aa815e584f1626298dd7"}
}
