TN:
SF:C:\Users\Siva\Desktop\Learning\Node-Js-Learning\testing-demo\db.js
FN:2,(anonymous_0)
FN:7,(anonymous_1)
FN:8,(anonymous_2)
FNF:3
FNH:0
FNDA:0,(anonymous_0)
FNDA:0,(anonymous_1)
FNDA:0,(anonymous_2)
DA:2,1
DA:3,0
DA:4,0
DA:7,1
DA:8,0
DA:9,0
DA:10,0
LF:7
LH:2
BRF:0
BRH:0
end_of_record
TN:
SF:C:\Users\Siva\Desktop\Learning\Node-Js-Learning\testing-demo\lib.js
FN:5,(anonymous_0)
FN:10,(anonymous_1)
FN:15,(anonymous_2)
FN:20,(anonymous_3)
FN:25,(anonymous_4)
FN:32,(anonymous_5)
FN:40,(anonymous_6)
FNF:7
FNH:5
FNDA:3,(anonymous_0)
FNDA:1,(anonymous_1)
FNDA:4,(anonymous_2)
FNDA:3,(anonymous_3)
FNDA:7,(anonymous_4)
FNDA:0,(anonymous_5)
FNDA:0,(anonymous_6)
DA:1,1
DA:2,1
DA:5,1
DA:6,3
DA:10,1
DA:11,1
DA:15,1
DA:16,4
DA:20,1
DA:21,3
DA:25,1
DA:26,7
DA:28,1
DA:32,1
DA:33,0
DA:35,0
DA:36,0
DA:40,1
DA:41,0
DA:43,0
LF:20
LH:15
BRDA:6,0,0,2
BRDA:6,0,1,1
BRDA:26,1,0,6
BRDA:26,1,1,1
BRDA:35,2,0,0
BRDA:35,2,1,0
BRF:6
BRH:4
end_of_record
TN:
SF:C:\Users\Siva\Desktop\Learning\Node-Js-Learning\testing-demo\mail.js
FN:2,(anonymous_0)
FNF:1
FNH:0
FNDA:0,(anonymous_0)
DA:2,1
DA:3,0
LF:2
LH:1
BRF:0
BRH:0
end_of_record
